<?xml version="1.0" encoding="UTF-8"?>
<testng-results ignored="0" total="1" passed="1" failed="0" skipped="0">
  <reporter-output>
  </reporter-output>
  <suite started-at="2024-08-17T16:13:55 IST" name="Default suite" finished-at="2024-08-17T16:13:55 IST" duration-ms="47">
    <groups>
    </groups>
    <test started-at="2024-08-17T16:13:55 IST" name="Default test" finished-at="2024-08-17T16:13:55 IST" duration-ms="47">
      <class name="practiceTest.AdditionTest">
        <test-method signature="test()[pri:0, instance:practiceTest.AdditionTest@158da8e]" started-at="2024-08-17T16:13:55 IST" name="test" finished-at="2024-08-17T16:13:55 IST" duration-ms="10" status="PASS">
          <reporter-output>
          </reporter-output>
        </test-method> <!-- test -->
      </class> <!-- practiceTest.AdditionTest -->
    </test> <!-- Default test -->
  </suite> <!-- Default suite -->
</testng-results>
